<?xml version="1.0" encoding="UTF-8"?>
<testsuite xmlns:xsi="http://www.w3.org/2001/XMLSchema-instance" xsi:noNamespaceSchemaLocation="https://maven.apache.org/surefire/maven-surefire-plugin/xsd/surefire-test-report-3.0.xsd" version="3.0" name="com.example.VerifyingInteraction" time="0.837" tests="3" errors="0" skipped="0" failures="0">
  <properties>
[...]
</properties>
  <testcase name="testVerifyWithArguments" classname="com.example.VerifyingInteraction" time="0.783">
    <system-out><![CDATA[
=== Exercise 2 Extended: Verifying with Arguments ===
✓ Verified: saveData() called with correct argument
✓ Verified: saveData() called at least once with any string
]]></system-out>
  </testcase>
  <testcase name="testBasicVerifyInteraction" classname="com.example.VerifyingInteraction" time="0.009">
    <system-out><![CDATA[=== Exercise 2: Verifying Interactions ===
✓ Mock object created
✓ Service method called
✓ Interaction verified: getData() was called
✓ Verified: getData() was called exactly 1 time
]]></system-out>
  </testcase>
  <testcase name="testMultipleInteractions" classname="com.example.VerifyingInteraction" time="0.006">
    <system-out><![CDATA[
=== Exercise 2 Advanced: Multiple Interactions ===
✓ All interactions verified successfully
  - getData() called 1 time
  - getData(String) called 1 time
  - saveData() called 2 times with processed data
]]></system-out>
  </testcase>
</testsuite>