<?xml version="1.0" encoding="UTF-8"?>
<testsuite xmlns:xsi="http://www.w3.org/2001/XMLSchema-instance" xsi:noNamespaceSchemaLocation="https://maven.apache.org/surefire/maven-surefire-plugin/xsd/surefire-test-report-3.0.xsd" version="3.0" name="com.example.MockingStubbing" time="0.759" tests="2" errors="0" skipped="0" failures="0">
  <properties>
[...]
</properties>
  <testcase name="testBasicMockingAndStubbing" classname="com.example.MockingStubbing" time="0.718">
    <system-out><![CDATA[=== Exercise 1: Mocking and Stubbing ===
✓ Mock object created for ExternalApi
✓ Method stubbed to return: 'Mock Data'
✓ Test passed! Result: Mock Data
✓ Assertion successful: Expected 'Mock Data', Got 'Mock Data'
]]></system-out>
  </testcase>
  <testcase name="testStubbingWithParameters" classname="com.example.MockingStubbing" time="0.013">
    <system-out><![CDATA[
=== Exercise 1 Extended: Stubbing with Parameters ===
✓ Parameter-based stubbing successful
✓ Test environment result: Test Data
✓ Production environment result: Production Data
]]></system-out>
  </testcase>
</testsuite>